Building DAG of jobs...
Using shell: C:\Windows\System32\WindowsPowerShell\v1.0\powershell.EXE
Provided cores: 1 (use --cores to define parallelism)
Rules claiming more threads will be scaled down.
Job stats:
job              count
-------------  -------
all                  1
rescale_loads        1
total                2

Select jobs to execute...

[Tue Sep  2 13:37:39 2025]
rule rescale_loads:
    output: data/interim/network_rescaled.nc, results/tables/load_scaling.csv
    jobid: 1
    reason: Missing output files: results/tables/load_scaling.csv, data/interim/network_rescaled.nc
    resources: tmpdir=C:\Users\krisa\AppData\Local\Temp

&"C:\Users\krisa\anaconda3\envs\KRAD_env\python.exe" -m pypsa_thesis.preprocess --config config/config.yaml
[Tue Sep  2 13:37:53 2025]
Finished job 1.
1 of 2 steps (50%) done
Select jobs to execute...

[Tue Sep  2 13:37:53 2025]
localrule all:
    input: data/interim/network_rescaled.nc, results/tables/load_scaling.csv
    jobid: 0
    reason: Input files updated by another job: results/tables/load_scaling.csv, data/interim/network_rescaled.nc
    resources: tmpdir=C:\Users\krisa\AppData\Local\Temp

[Tue Sep  2 13:37:53 2025]
Finished job 0.
2 of 2 steps (100%) done
Complete log: .snakemake\log\2025-09-02T133738.834521.snakemake.log
