Building DAG of jobs...
Provided cores: 1 (use --cores to define parallelism)
Rules claiming more threads will be scaled down.
Job stats:
job              count
-------------  -------
all                  1
rescale_loads        1
total                2

Select jobs to execute...

[Tue Sep  2 13:26:40 2025]
rule rescale_loads:
    output: data/interim/network_rescaled.nc, results/tables/load_scaling.csv
    jobid: 1
    reason: Missing output files: data/interim/network_rescaled.nc, results/tables/load_scaling.csv
    resources: tmpdir=C:\Users\krisa\AppData\Local\Temp

python -m pypsa_thesis.preprocess --config config/config.yaml
[Tue Sep  2 13:26:41 2025]
Error in rule rescale_loads:
    jobid: 1
    output: data/interim/network_rescaled.nc, results/tables/load_scaling.csv
    shell:
        python -m pypsa_thesis.preprocess --config config/config.yaml
        (one of the commands exited with non-zero exit code; note that snakemake uses bash strict mode!)

Shutting down, this might take some time.
Exiting because a job execution failed. Look above for error message
Complete log: .snakemake\log\2025-09-02T132639.269862.snakemake.log
